<?xml version="1.0" encoding="UTF-8"?>
<testsuite xmlns:xsi="http://www.w3.org/2001/XMLSchema-instance" xsi:noNamespaceSchemaLocation="https://maven.apache.org/surefire/maven-surefire-plugin/xsd/surefire-test-report-3.0.xsd" version="3.0" name="com.denismiagkov.walletservice.repository.OperationDAOImplTest" time="2.532" tests="3" errors="0" skipped="0" failures="0">
  <properties>
[...]
</properties>
  <testcase name="getLog" classname="com.denismiagkov.walletservice.repository.OperationDAOImplTest" time="0.241">
    <system-out><![CDATA[Running Changeset: db/changelog/001-create-table.xml::001-create-schema::denismiagkov
Running Changeset: db/changelog/001-create-table.xml::002-create-sequence::denismiagkov
Running Changeset: db/changelog/001-create-table.xml::003-create-table::denismiagkov
Running Changeset: db/changelog/001-create-table.xml::004-create-sequence::denismiagkov
Running Changeset: db/changelog/001-create-table.xml::005-create-table::denismiagkov
Running Changeset: db/changelog/001-create-table.xml::006-create-sequence::denismiagkov
Running Changeset: db/changelog/001-create-table.xml::007-create-table::denismiagkov
Running Changeset: db/changelog/001-create-table.xml::008-create-sequence::denismiagkov
Running Changeset: db/changelog/001-create-table.xml::009-create-table::denismiagkov
Running Changeset: db/changelog/001-create-table.xml::010-create-sequence::denismiagkov
Running Changeset: db/changelog/001-create-table.xml::011-create-table::denismiagkov
Running Changeset: db/changelog/002-insert-data.xml::001-insert-data::denismiagkov
Running Changeset: db/changelog/002-insert-data.xml::002-insert-data::denismiagkov
Running Changeset: db/changelog/002-insert-data.xml::003-insert-data::denismiagkov
Running Changeset: db/changelog/002-insert-data.xml::004-insert-data::denismiagkov
Running Changeset: db/changelog/002-insert-data.xml::005-insert-data::denismiagkov
Running Changeset: db/changelog/002-insert-data.xml::006-insert-data::denismiagkov
Running Changeset: db/changelog/002-insert-data.xml::007-insert-data::denismiagkov
Running Changeset: db/changelog/002-insert-data.xml::008-insert-data::denismiagkov
Running Changeset: db/changelog/002-insert-data.xml::009-insert-data::denismiagkov
Running Changeset: db/changelog/002-insert-data.xml::010-insert-data::denismiagkov
Running Changeset: db/changelog/002-insert-data.xml::011-insert-data::denismiagkov
Running Changeset: db/changelog/002-insert-data.xml::012-insert-data::denismiagkov

UPDATE SUMMARY
Run:                         23
Previously run:               0
Filtered out:                 0
-------------------------------
Total change sets:           23

Liquibase: Update has been successful. Rows affected: 35
Миграции успешно выполнены!
]]></system-out>
    <system-err><![CDATA[Oct 21, 2023 11:42:33 AM liquibase.database
INFO: Set default schema name to public
Oct 21, 2023 11:42:33 AM liquibase.changelog
INFO: Creating database history table with name: migration.databasechangelog
Oct 21, 2023 11:42:33 AM liquibase.changelog
INFO: Reading from migration.databasechangelog
Oct 21, 2023 11:42:33 AM liquibase.lockservice
INFO: Successfully acquired change log lock
Oct 21, 2023 11:42:33 AM liquibase.command
INFO: Using deploymentId: 7877753954
Oct 21, 2023 11:42:33 AM liquibase.changelog
INFO: Reading from migration.databasechangelog
Oct 21, 2023 11:42:33 AM liquibase.changelog
INFO: Custom SQL executed
Oct 21, 2023 11:42:33 AM liquibase.changelog
INFO: ChangeSet db/changelog/001-create-table.xml::001-create-schema::denismiagkov ran successfully in 1ms
Oct 21, 2023 11:42:33 AM liquibase.changelog
INFO: Sequence players_id_seq created
Oct 21, 2023 11:42:33 AM liquibase.changelog
INFO: ChangeSet db/changelog/001-create-table.xml::002-create-sequence::denismiagkov ran successfully in 1ms
Oct 21, 2023 11:42:33 AM liquibase.changelog
INFO: Table players created
Oct 21, 2023 11:42:33 AM liquibase.changelog
INFO: ChangeSet db/changelog/001-create-table.xml::003-create-table::denismiagkov ran successfully in 2ms
Oct 21, 2023 11:42:33 AM liquibase.changelog
INFO: Sequence accounts_id_seq created
Oct 21, 2023 11:42:33 AM liquibase.changelog
INFO: ChangeSet db/changelog/001-create-table.xml::004-create-sequence::denismiagkov ran successfully in 1ms
Oct 21, 2023 11:42:33 AM liquibase.changelog
INFO: Table accounts created
Oct 21, 2023 11:42:33 AM liquibase.changelog
INFO: ChangeSet db/changelog/001-create-table.xml::005-create-table::denismiagkov ran successfully in 3ms
Oct 21, 2023 11:42:33 AM liquibase.changelog
INFO: Sequence entries_id_seq created
Oct 21, 2023 11:42:33 AM liquibase.changelog
INFO: ChangeSet db/changelog/001-create-table.xml::006-create-sequence::denismiagkov ran successfully in 1ms
Oct 21, 2023 11:42:33 AM liquibase.changelog
INFO: Table entries created
Oct 21, 2023 11:42:33 AM liquibase.changelog
INFO: ChangeSet db/changelog/001-create-table.xml::007-create-table::denismiagkov ran successfully in 2ms
Oct 21, 2023 11:42:33 AM liquibase.changelog
INFO: Sequence transactions_id_seq created
Oct 21, 2023 11:42:33 AM liquibase.changelog
INFO: ChangeSet db/changelog/001-create-table.xml::008-create-sequence::denismiagkov ran successfully in 1ms
Oct 21, 2023 11:42:33 AM liquibase.changelog
INFO: Table transactions created
Oct 21, 2023 11:42:33 AM liquibase.changelog
INFO: ChangeSet db/changelog/001-create-table.xml::009-create-table::denismiagkov ran successfully in 2ms
Oct 21, 2023 11:42:33 AM liquibase.changelog
INFO: Sequence operations_id_seq created
Oct 21, 2023 11:42:33 AM liquibase.changelog
INFO: ChangeSet db/changelog/001-create-table.xml::010-create-sequence::denismiagkov ran successfully in 1ms
Oct 21, 2023 11:42:33 AM liquibase.changelog
INFO: Table operations created
Oct 21, 2023 11:42:33 AM liquibase.changelog
INFO: ChangeSet db/changelog/001-create-table.xml::011-create-table::denismiagkov ran successfully in 2ms
Oct 21, 2023 11:42:33 AM liquibase.changelog
INFO: New row inserted into players
Oct 21, 2023 11:42:33 AM liquibase.changelog
INFO: ChangeSet db/changelog/002-insert-data.xml::001-insert-data::denismiagkov ran successfully in 2ms
Oct 21, 2023 11:42:33 AM liquibase.changelog
INFO: New row inserted into players
Oct 21, 2023 11:42:34 AM liquibase.changelog
INFO: ChangeSet db/changelog/002-insert-data.xml::002-insert-data::denismiagkov ran successfully in 1ms
Oct 21, 2023 11:42:34 AM liquibase.changelog
INFO: New row inserted into accounts
Oct 21, 2023 11:42:34 AM liquibase.changelog
INFO: ChangeSet db/changelog/002-insert-data.xml::003-insert-data::denismiagkov ran successfully in 1ms
Oct 21, 2023 11:42:34 AM liquibase.changelog
INFO: New row inserted into accounts
Oct 21, 2023 11:42:34 AM liquibase.changelog
INFO: ChangeSet db/changelog/002-insert-data.xml::004-insert-data::denismiagkov ran successfully in 2ms
Oct 21, 2023 11:42:34 AM liquibase.changelog
INFO: New row inserted into entries
Oct 21, 2023 11:42:34 AM liquibase.changelog
INFO: ChangeSet db/changelog/002-insert-data.xml::005-insert-data::denismiagkov ran successfully in 1ms
Oct 21, 2023 11:42:34 AM liquibase.changelog
INFO: New row inserted into entries
Oct 21, 2023 11:42:34 AM liquibase.changelog
INFO: ChangeSet db/changelog/002-insert-data.xml::006-insert-data::denismiagkov ran successfully in 0ms
Oct 21, 2023 11:42:34 AM liquibase.changelog
INFO: New row inserted into transactions
Oct 21, 2023 11:42:34 AM liquibase.changelog
INFO: ChangeSet db/changelog/002-insert-data.xml::007-insert-data::denismiagkov ran successfully in 1ms
Oct 21, 2023 11:42:34 AM liquibase.changelog
INFO: New row inserted into transactions
Oct 21, 2023 11:42:34 AM liquibase.changelog
INFO: ChangeSet db/changelog/002-insert-data.xml::008-insert-data::denismiagkov ran successfully in 2ms
Oct 21, 2023 11:42:34 AM liquibase.changelog
INFO: New row inserted into transactions
Oct 21, 2023 11:42:34 AM liquibase.changelog
INFO: ChangeSet db/changelog/002-insert-data.xml::009-insert-data::denismiagkov ran successfully in 1ms
Oct 21, 2023 11:42:34 AM liquibase.changelog
INFO: New row inserted into transactions
Oct 21, 2023 11:42:34 AM liquibase.changelog
INFO: ChangeSet db/changelog/002-insert-data.xml::010-insert-data::denismiagkov ran successfully in 1ms
Oct 21, 2023 11:42:34 AM liquibase.changelog
INFO: New row inserted into operations
Oct 21, 2023 11:42:34 AM liquibase.changelog
INFO: ChangeSet db/changelog/002-insert-data.xml::011-insert-data::denismiagkov ran successfully in 1ms
Oct 21, 2023 11:42:34 AM liquibase.changelog
INFO: New row inserted into operations
Oct 21, 2023 11:42:34 AM liquibase.changelog
INFO: ChangeSet db/changelog/002-insert-data.xml::012-insert-data::denismiagkov ran successfully in 0ms
Oct 21, 2023 11:42:34 AM liquibase.util
INFO: UPDATE SUMMARY
Oct 21, 2023 11:42:34 AM liquibase.util
INFO: Run:                         23
Oct 21, 2023 11:42:34 AM liquibase.util
INFO: Previously run:               0
Oct 21, 2023 11:42:34 AM liquibase.util
INFO: Filtered out:                 0
Oct 21, 2023 11:42:34 AM liquibase.util
INFO: -------------------------------
Oct 21, 2023 11:42:34 AM liquibase.util
INFO: Total change sets:           23
Oct 21, 2023 11:42:34 AM liquibase.util
INFO: Update summary generated
Oct 21, 2023 11:42:34 AM liquibase.command
INFO: Update command completed successfully.
Oct 21, 2023 11:42:34 AM liquibase.lockservice
INFO: Successfully released change log lock
Oct 21, 2023 11:42:34 AM liquibase.command
INFO: Command execution complete
]]></system-err>
  </testcase>
  <testcase name="getOperationId" classname="com.denismiagkov.walletservice.repository.OperationDAOImplTest" time="0.148">
    <system-out><![CDATA[
UPDATE SUMMARY
Run:                          0
Previously run:              23
Filtered out:                 0
-------------------------------
Total change sets:           23

Liquibase: Update has been successful. Rows affected: 0
Миграции успешно выполнены!
]]></system-out>
    <system-err><![CDATA[Oct 21, 2023 11:42:34 AM liquibase.database
INFO: Set default schema name to public
Oct 21, 2023 11:42:34 AM liquibase.changelog
INFO: Reading from migration.databasechangelog
Oct 21, 2023 11:42:34 AM liquibase.lockservice
INFO: Successfully acquired change log lock
Oct 21, 2023 11:42:34 AM liquibase.command
INFO: Using deploymentId: 7877754184
Oct 21, 2023 11:42:34 AM liquibase.changelog
INFO: Reading from migration.databasechangelog
Oct 21, 2023 11:42:34 AM liquibase.util
INFO: UPDATE SUMMARY
Oct 21, 2023 11:42:34 AM liquibase.util
INFO: Run:                          0
Oct 21, 2023 11:42:34 AM liquibase.util
INFO: Previously run:              23
Oct 21, 2023 11:42:34 AM liquibase.util
INFO: Filtered out:                 0
Oct 21, 2023 11:42:34 AM liquibase.util
INFO: -------------------------------
Oct 21, 2023 11:42:34 AM liquibase.util
INFO: Total change sets:           23
Oct 21, 2023 11:42:34 AM liquibase.util
INFO: Update summary generated
Oct 21, 2023 11:42:34 AM liquibase.command
INFO: Update command completed successfully.
Oct 21, 2023 11:42:34 AM liquibase.lockservice
INFO: Successfully released change log lock
Oct 21, 2023 11:42:34 AM liquibase.command
INFO: Command execution complete
]]></system-err>
  </testcase>
  <testcase name="saveOperation" classname="com.denismiagkov.walletservice.repository.OperationDAOImplTest" time="0.151">
    <system-out><![CDATA[
UPDATE SUMMARY
Run:                          0
Previously run:              23
Filtered out:                 0
-------------------------------
Total change sets:           23

Liquibase: Update has been successful. Rows affected: 0
Миграции успешно выполнены!
]]></system-out>
    <system-err><![CDATA[Oct 21, 2023 11:42:34 AM liquibase.database
INFO: Set default schema name to public
Oct 21, 2023 11:42:34 AM liquibase.changelog
INFO: Reading from migration.databasechangelog
Oct 21, 2023 11:42:34 AM liquibase.lockservice
INFO: Successfully acquired change log lock
Oct 21, 2023 11:42:34 AM liquibase.command
INFO: Using deploymentId: 7877754322
Oct 21, 2023 11:42:34 AM liquibase.changelog
INFO: Reading from migration.databasechangelog
Oct 21, 2023 11:42:34 AM liquibase.util
INFO: UPDATE SUMMARY
Oct 21, 2023 11:42:34 AM liquibase.util
INFO: Run:                          0
Oct 21, 2023 11:42:34 AM liquibase.util
INFO: Previously run:              23
Oct 21, 2023 11:42:34 AM liquibase.util
INFO: Filtered out:                 0
Oct 21, 2023 11:42:34 AM liquibase.util
INFO: -------------------------------
Oct 21, 2023 11:42:34 AM liquibase.util
INFO: Total change sets:           23
Oct 21, 2023 11:42:34 AM liquibase.util
INFO: Update summary generated
Oct 21, 2023 11:42:34 AM liquibase.command
INFO: Update command completed successfully.
Oct 21, 2023 11:42:34 AM liquibase.lockservice
INFO: Successfully released change log lock
Oct 21, 2023 11:42:34 AM liquibase.command
INFO: Command execution complete
]]></system-err>
  </testcase>
</testsuite>