<?xml version="1.0" encoding="UTF-8"?>
<testsuite xmlns:xsi="http://www.w3.org/2001/XMLSchema-instance" xsi:noNamespaceSchemaLocation="https://maven.apache.org/surefire/maven-surefire-plugin/xsd/surefire-test-report-3.0.xsd" version="3.0" name="com.denismiagkov.walletservice.repository.PlayerDAOImplTest" time="3.152" tests="6" errors="0" skipped="0" failures="2">
  <properties>
[...]
</properties>
  <testcase name="testGetPlayerId" classname="com.denismiagkov.walletservice.repository.PlayerDAOImplTest" time="0.268">
    <system-out><![CDATA[Running Changeset: db/changelog/001-create-table.xml::001-create-schema::denismiagkov
Running Changeset: db/changelog/001-create-table.xml::002-create-sequence::denismiagkov
Running Changeset: db/changelog/001-create-table.xml::003-create-table::denismiagkov
Running Changeset: db/changelog/001-create-table.xml::004-create-sequence::denismiagkov
Running Changeset: db/changelog/001-create-table.xml::005-create-table::denismiagkov
Running Changeset: db/changelog/001-create-table.xml::006-create-sequence::denismiagkov
Running Changeset: db/changelog/001-create-table.xml::007-create-table::denismiagkov
Running Changeset: db/changelog/001-create-table.xml::008-create-sequence::denismiagkov
Running Changeset: db/changelog/001-create-table.xml::009-create-table::denismiagkov
Running Changeset: db/changelog/001-create-table.xml::010-create-sequence::denismiagkov
Running Changeset: db/changelog/001-create-table.xml::011-create-table::denismiagkov
Running Changeset: db/changelog/002-insert-data.xml::001-insert-data::denismiagkov
Running Changeset: db/changelog/002-insert-data.xml::002-insert-data::denismiagkov
Running Changeset: db/changelog/002-insert-data.xml::003-insert-data::denismiagkov
Running Changeset: db/changelog/002-insert-data.xml::004-insert-data::denismiagkov
Running Changeset: db/changelog/002-insert-data.xml::005-insert-data::denismiagkov
Running Changeset: db/changelog/002-insert-data.xml::006-insert-data::denismiagkov
Running Changeset: db/changelog/002-insert-data.xml::007-insert-data::denismiagkov
Running Changeset: db/changelog/002-insert-data.xml::008-insert-data::denismiagkov
Running Changeset: db/changelog/002-insert-data.xml::009-insert-data::denismiagkov
Running Changeset: db/changelog/002-insert-data.xml::010-insert-data::denismiagkov
Running Changeset: db/changelog/002-insert-data.xml::011-insert-data::denismiagkov
Running Changeset: db/changelog/002-insert-data.xml::012-insert-data::denismiagkov

UPDATE SUMMARY
Run:                         23
Previously run:               0
Filtered out:                 0
-------------------------------
Total change sets:           23

Liquibase: Update has been successful. Rows affected: 35
Миграции успешно выполнены!
]]></system-out>
    <system-err><![CDATA[Oct 21, 2023 11:42:30 AM liquibase.database
INFO: Set default schema name to public
Oct 21, 2023 11:42:30 AM liquibase.changelog
INFO: Creating database history table with name: migration.databasechangelog
Oct 21, 2023 11:42:30 AM liquibase.changelog
INFO: Reading from migration.databasechangelog
Oct 21, 2023 11:42:30 AM liquibase.lockservice
INFO: Successfully acquired change log lock
Oct 21, 2023 11:42:30 AM liquibase.command
INFO: Using deploymentId: 7877750741
Oct 21, 2023 11:42:30 AM liquibase.changelog
INFO: Reading from migration.databasechangelog
Oct 21, 2023 11:42:30 AM liquibase.changelog
INFO: Custom SQL executed
Oct 21, 2023 11:42:30 AM liquibase.changelog
INFO: ChangeSet db/changelog/001-create-table.xml::001-create-schema::denismiagkov ran successfully in 1ms
Oct 21, 2023 11:42:30 AM liquibase.changelog
INFO: Sequence players_id_seq created
Oct 21, 2023 11:42:30 AM liquibase.changelog
INFO: ChangeSet db/changelog/001-create-table.xml::002-create-sequence::denismiagkov ran successfully in 1ms
Oct 21, 2023 11:42:30 AM liquibase.changelog
INFO: Table players created
Oct 21, 2023 11:42:30 AM liquibase.changelog
INFO: ChangeSet db/changelog/001-create-table.xml::003-create-table::denismiagkov ran successfully in 3ms
Oct 21, 2023 11:42:30 AM liquibase.changelog
INFO: Sequence accounts_id_seq created
Oct 21, 2023 11:42:30 AM liquibase.changelog
INFO: ChangeSet db/changelog/001-create-table.xml::004-create-sequence::denismiagkov ran successfully in 1ms
Oct 21, 2023 11:42:30 AM liquibase.changelog
INFO: Table accounts created
Oct 21, 2023 11:42:30 AM liquibase.changelog
INFO: ChangeSet db/changelog/001-create-table.xml::005-create-table::denismiagkov ran successfully in 3ms
Oct 21, 2023 11:42:30 AM liquibase.changelog
INFO: Sequence entries_id_seq created
Oct 21, 2023 11:42:30 AM liquibase.changelog
INFO: ChangeSet db/changelog/001-create-table.xml::006-create-sequence::denismiagkov ran successfully in 2ms
Oct 21, 2023 11:42:30 AM liquibase.changelog
INFO: Table entries created
Oct 21, 2023 11:42:30 AM liquibase.changelog
INFO: ChangeSet db/changelog/001-create-table.xml::007-create-table::denismiagkov ran successfully in 3ms
Oct 21, 2023 11:42:30 AM liquibase.changelog
INFO: Sequence transactions_id_seq created
Oct 21, 2023 11:42:30 AM liquibase.changelog
INFO: ChangeSet db/changelog/001-create-table.xml::008-create-sequence::denismiagkov ran successfully in 2ms
Oct 21, 2023 11:42:30 AM liquibase.changelog
INFO: Table transactions created
Oct 21, 2023 11:42:30 AM liquibase.changelog
INFO: ChangeSet db/changelog/001-create-table.xml::009-create-table::denismiagkov ran successfully in 3ms
Oct 21, 2023 11:42:30 AM liquibase.changelog
INFO: Sequence operations_id_seq created
Oct 21, 2023 11:42:30 AM liquibase.changelog
INFO: ChangeSet db/changelog/001-create-table.xml::010-create-sequence::denismiagkov ran successfully in 1ms
Oct 21, 2023 11:42:30 AM liquibase.changelog
INFO: Table operations created
Oct 21, 2023 11:42:30 AM liquibase.changelog
INFO: ChangeSet db/changelog/001-create-table.xml::011-create-table::denismiagkov ran successfully in 3ms
Oct 21, 2023 11:42:30 AM liquibase.changelog
INFO: New row inserted into players
Oct 21, 2023 11:42:30 AM liquibase.changelog
INFO: ChangeSet db/changelog/002-insert-data.xml::001-insert-data::denismiagkov ran successfully in 1ms
Oct 21, 2023 11:42:30 AM liquibase.changelog
INFO: New row inserted into players
Oct 21, 2023 11:42:30 AM liquibase.changelog
INFO: ChangeSet db/changelog/002-insert-data.xml::002-insert-data::denismiagkov ran successfully in 1ms
Oct 21, 2023 11:42:30 AM liquibase.changelog
INFO: New row inserted into accounts
Oct 21, 2023 11:42:30 AM liquibase.changelog
INFO: ChangeSet db/changelog/002-insert-data.xml::003-insert-data::denismiagkov ran successfully in 2ms
Oct 21, 2023 11:42:30 AM liquibase.changelog
INFO: New row inserted into accounts
Oct 21, 2023 11:42:30 AM liquibase.changelog
INFO: ChangeSet db/changelog/002-insert-data.xml::004-insert-data::denismiagkov ran successfully in 1ms
Oct 21, 2023 11:42:30 AM liquibase.changelog
INFO: New row inserted into entries
Oct 21, 2023 11:42:30 AM liquibase.changelog
INFO: ChangeSet db/changelog/002-insert-data.xml::005-insert-data::denismiagkov ran successfully in 2ms
Oct 21, 2023 11:42:30 AM liquibase.changelog
INFO: New row inserted into entries
Oct 21, 2023 11:42:30 AM liquibase.changelog
INFO: ChangeSet db/changelog/002-insert-data.xml::006-insert-data::denismiagkov ran successfully in 1ms
Oct 21, 2023 11:42:30 AM liquibase.changelog
INFO: New row inserted into transactions
Oct 21, 2023 11:42:30 AM liquibase.changelog
INFO: ChangeSet db/changelog/002-insert-data.xml::007-insert-data::denismiagkov ran successfully in 2ms
Oct 21, 2023 11:42:30 AM liquibase.changelog
INFO: New row inserted into transactions
Oct 21, 2023 11:42:30 AM liquibase.changelog
INFO: ChangeSet db/changelog/002-insert-data.xml::008-insert-data::denismiagkov ran successfully in 2ms
Oct 21, 2023 11:42:30 AM liquibase.changelog
INFO: New row inserted into transactions
Oct 21, 2023 11:42:30 AM liquibase.changelog
INFO: ChangeSet db/changelog/002-insert-data.xml::009-insert-data::denismiagkov ran successfully in 1ms
Oct 21, 2023 11:42:30 AM liquibase.changelog
INFO: New row inserted into transactions
Oct 21, 2023 11:42:30 AM liquibase.changelog
INFO: ChangeSet db/changelog/002-insert-data.xml::010-insert-data::denismiagkov ran successfully in 1ms
Oct 21, 2023 11:42:30 AM liquibase.changelog
INFO: New row inserted into operations
Oct 21, 2023 11:42:30 AM liquibase.changelog
INFO: ChangeSet db/changelog/002-insert-data.xml::011-insert-data::denismiagkov ran successfully in 1ms
Oct 21, 2023 11:42:30 AM liquibase.changelog
INFO: New row inserted into operations
Oct 21, 2023 11:42:30 AM liquibase.changelog
INFO: ChangeSet db/changelog/002-insert-data.xml::012-insert-data::denismiagkov ran successfully in 1ms
Oct 21, 2023 11:42:30 AM liquibase.util
INFO: UPDATE SUMMARY
Oct 21, 2023 11:42:30 AM liquibase.util
INFO: Run:                         23
Oct 21, 2023 11:42:30 AM liquibase.util
INFO: Previously run:               0
Oct 21, 2023 11:42:30 AM liquibase.util
INFO: Filtered out:                 0
Oct 21, 2023 11:42:30 AM liquibase.util
INFO: -------------------------------
Oct 21, 2023 11:42:30 AM liquibase.util
INFO: Total change sets:           23
Oct 21, 2023 11:42:30 AM liquibase.util
INFO: Update summary generated
Oct 21, 2023 11:42:30 AM liquibase.command
INFO: Update command completed successfully.
Oct 21, 2023 11:42:30 AM liquibase.lockservice
INFO: Successfully released change log lock
Oct 21, 2023 11:42:30 AM liquibase.command
INFO: Command execution complete
]]></system-err>
  </testcase>
  <testcase name="getAllEntries" classname="com.denismiagkov.walletservice.repository.PlayerDAOImplTest" time="0.167">
    <system-out><![CDATA[
UPDATE SUMMARY
Run:                          0
Previously run:              23
Filtered out:                 0
-------------------------------
Total change sets:           23

Liquibase: Update has been successful. Rows affected: 0
Миграции успешно выполнены!
{login2=password2, login1=password1}
]]></system-out>
    <system-err><![CDATA[Oct 21, 2023 11:42:30 AM liquibase.database
INFO: Set default schema name to public
Oct 21, 2023 11:42:30 AM liquibase.changelog
INFO: Reading from migration.databasechangelog
Oct 21, 2023 11:42:30 AM liquibase.lockservice
INFO: Successfully acquired change log lock
Oct 21, 2023 11:42:30 AM liquibase.command
INFO: Using deploymentId: 7877750987
Oct 21, 2023 11:42:30 AM liquibase.changelog
INFO: Reading from migration.databasechangelog
Oct 21, 2023 11:42:30 AM liquibase.util
INFO: UPDATE SUMMARY
Oct 21, 2023 11:42:30 AM liquibase.util
INFO: Run:                          0
Oct 21, 2023 11:42:30 AM liquibase.util
INFO: Previously run:              23
Oct 21, 2023 11:42:30 AM liquibase.util
INFO: Filtered out:                 0
Oct 21, 2023 11:42:30 AM liquibase.util
INFO: -------------------------------
Oct 21, 2023 11:42:30 AM liquibase.util
INFO: Total change sets:           23
Oct 21, 2023 11:42:30 AM liquibase.util
INFO: Update summary generated
Oct 21, 2023 11:42:30 AM liquibase.command
INFO: Update command completed successfully.
Oct 21, 2023 11:42:30 AM liquibase.lockservice
INFO: Successfully released change log lock
Oct 21, 2023 11:42:30 AM liquibase.command
INFO: Command execution complete
]]></system-err>
  </testcase>
  <testcase name="getPlayerId" classname="com.denismiagkov.walletservice.repository.PlayerDAOImplTest" time="0.172">
    <system-out><![CDATA[
UPDATE SUMMARY
Run:                          0
Previously run:              23
Filtered out:                 0
-------------------------------
Total change sets:           23

Liquibase: Update has been successful. Rows affected: 0
Миграции успешно выполнены!
]]></system-out>
    <system-err><![CDATA[Oct 21, 2023 11:42:31 AM liquibase.database
INFO: Set default schema name to public
Oct 21, 2023 11:42:31 AM liquibase.changelog
INFO: Reading from migration.databasechangelog
Oct 21, 2023 11:42:31 AM liquibase.lockservice
INFO: Successfully acquired change log lock
Oct 21, 2023 11:42:31 AM liquibase.command
INFO: Using deploymentId: 7877751169
Oct 21, 2023 11:42:31 AM liquibase.changelog
INFO: Reading from migration.databasechangelog
Oct 21, 2023 11:42:31 AM liquibase.util
INFO: UPDATE SUMMARY
Oct 21, 2023 11:42:31 AM liquibase.util
INFO: Run:                          0
Oct 21, 2023 11:42:31 AM liquibase.util
INFO: Previously run:              23
Oct 21, 2023 11:42:31 AM liquibase.util
INFO: Filtered out:                 0
Oct 21, 2023 11:42:31 AM liquibase.util
INFO: -------------------------------
Oct 21, 2023 11:42:31 AM liquibase.util
INFO: Total change sets:           23
Oct 21, 2023 11:42:31 AM liquibase.util
INFO: Update summary generated
Oct 21, 2023 11:42:31 AM liquibase.command
INFO: Update command completed successfully.
Oct 21, 2023 11:42:31 AM liquibase.lockservice
INFO: Successfully released change log lock
Oct 21, 2023 11:42:31 AM liquibase.command
INFO: Command execution complete
]]></system-err>
  </testcase>
  <testcase name="saveEntry" classname="com.denismiagkov.walletservice.repository.PlayerDAOImplTest" time="0.224">
    <system-out><![CDATA[
UPDATE SUMMARY
Run:                          0
Previously run:              23
Filtered out:                 0
-------------------------------
Total change sets:           23

Liquibase: Update has been successful. Rows affected: 0
Миграции успешно выполнены!
]]></system-out>
    <system-err><![CDATA[Oct 21, 2023 11:42:31 AM liquibase.database
INFO: Set default schema name to public
Oct 21, 2023 11:42:31 AM liquibase.changelog
INFO: Reading from migration.databasechangelog
Oct 21, 2023 11:42:31 AM liquibase.lockservice
INFO: Successfully acquired change log lock
Oct 21, 2023 11:42:31 AM liquibase.command
INFO: Using deploymentId: 7877751378
Oct 21, 2023 11:42:31 AM liquibase.changelog
INFO: Reading from migration.databasechangelog
Oct 21, 2023 11:42:31 AM liquibase.util
INFO: UPDATE SUMMARY
Oct 21, 2023 11:42:31 AM liquibase.util
INFO: Run:                          0
Oct 21, 2023 11:42:31 AM liquibase.util
INFO: Previously run:              23
Oct 21, 2023 11:42:31 AM liquibase.util
INFO: Filtered out:                 0
Oct 21, 2023 11:42:31 AM liquibase.util
INFO: -------------------------------
Oct 21, 2023 11:42:31 AM liquibase.util
INFO: Total change sets:           23
Oct 21, 2023 11:42:31 AM liquibase.util
INFO: Update summary generated
Oct 21, 2023 11:42:31 AM liquibase.command
INFO: Update command completed successfully.
Oct 21, 2023 11:42:31 AM liquibase.lockservice
INFO: Successfully released change log lock
Oct 21, 2023 11:42:31 AM liquibase.command
INFO: Command execution complete
]]></system-err>
  </testcase>
  <testcase name="getAllPlayers" classname="com.denismiagkov.walletservice.repository.PlayerDAOImplTest" time="0.223">
    <failure message="expected: &lt;2&gt; but was: &lt;3&gt;" type="org.opentest4j.AssertionFailedError"><![CDATA[org.opentest4j.AssertionFailedError: expected: <2> but was: <3>
	at org.junit.jupiter.api.AssertionUtils.fail(AssertionUtils.java:55)
	at org.junit.jupiter.api.AssertionUtils.failNotEqual(AssertionUtils.java:62)
	at org.junit.jupiter.api.AssertEquals.assertEquals(AssertEquals.java:150)
	at org.junit.jupiter.api.AssertEquals.assertEquals(AssertEquals.java:145)
	at org.junit.jupiter.api.Assertions.assertEquals(Assertions.java:527)
	at com.denismiagkov.walletservice.repository.PlayerDAOImplTest.getAllPlayers(PlayerDAOImplTest.java:90)
	at java.base/jdk.internal.reflect.NativeMethodAccessorImpl.invoke0(Native Method)
	at java.base/jdk.internal.reflect.NativeMethodAccessorImpl.invoke(NativeMethodAccessorImpl.java:77)
	at java.base/jdk.internal.reflect.DelegatingMethodAccessorImpl.invoke(DelegatingMethodAccessorImpl.java:43)
	at java.base/java.lang.reflect.Method.invoke(Method.java:568)
	at org.junit.platform.commons.util.ReflectionUtils.invokeMethod(ReflectionUtils.java:725)
	at org.junit.jupiter.engine.execution.MethodInvocation.proceed(MethodInvocation.java:60)
	at org.junit.jupiter.engine.execution.InvocationInterceptorChain$ValidatingInvocation.proceed(InvocationInterceptorChain.java:131)
	at org.junit.jupiter.engine.extension.TimeoutExtension.intercept(TimeoutExtension.java:149)
	at org.junit.jupiter.engine.extension.TimeoutExtension.interceptTestableMethod(TimeoutExtension.java:140)
	at org.junit.jupiter.engine.extension.TimeoutExtension.interceptTestMethod(TimeoutExtension.java:84)
	at org.junit.jupiter.engine.execution.ExecutableInvoker$ReflectiveInterceptorCall.lambda$ofVoidMethod$0(ExecutableInvoker.java:115)
	at org.junit.jupiter.engine.execution.ExecutableInvoker.lambda$invoke$0(ExecutableInvoker.java:105)
	at org.junit.jupiter.engine.execution.InvocationInterceptorChain$InterceptedInvocation.proceed(InvocationInterceptorChain.java:106)
	at org.junit.jupiter.engine.execution.InvocationInterceptorChain.proceed(InvocationInterceptorChain.java:64)
	at org.junit.jupiter.engine.execution.InvocationInterceptorChain.chainAndInvoke(InvocationInterceptorChain.java:45)
	at org.junit.jupiter.engine.execution.InvocationInterceptorChain.invoke(InvocationInterceptorChain.java:37)
	at org.junit.jupiter.engine.execution.ExecutableInvoker.invoke(ExecutableInvoker.java:104)
	at org.junit.jupiter.engine.execution.ExecutableInvoker.invoke(ExecutableInvoker.java:98)
	at org.junit.jupiter.engine.descriptor.TestMethodTestDescriptor.lambda$invokeTestMethod$7(TestMethodTestDescriptor.java:214)
	at org.junit.platform.engine.support.hierarchical.ThrowableCollector.execute(ThrowableCollector.java:73)
	at org.junit.jupiter.engine.descriptor.TestMethodTestDescriptor.invokeTestMethod(TestMethodTestDescriptor.java:210)
	at org.junit.jupiter.engine.descriptor.TestMethodTestDescriptor.execute(TestMethodTestDescriptor.java:135)
	at org.junit.jupiter.engine.descriptor.TestMethodTestDescriptor.execute(TestMethodTestDescriptor.java:66)
	at org.junit.platform.engine.support.hierarchical.NodeTestTask.lambda$executeRecursively$6(NodeTestTask.java:151)
	at org.junit.platform.engine.support.hierarchical.ThrowableCollector.execute(ThrowableCollector.java:73)
	at org.junit.platform.engine.support.hierarchical.NodeTestTask.lambda$executeRecursively$8(NodeTestTask.java:141)
	at org.junit.platform.engine.support.hierarchical.Node.around(Node.java:137)
	at org.junit.platform.engine.support.hierarchical.NodeTestTask.lambda$executeRecursively$9(NodeTestTask.java:139)
	at org.junit.platform.engine.support.hierarchical.ThrowableCollector.execute(ThrowableCollector.java:73)
	at org.junit.platform.engine.support.hierarchical.NodeTestTask.executeRecursively(NodeTestTask.java:138)
	at org.junit.platform.engine.support.hierarchical.NodeTestTask.execute(NodeTestTask.java:95)
	at java.base/java.util.ArrayList.forEach(ArrayList.java:1511)
	at org.junit.platform.engine.support.hierarchical.SameThreadHierarchicalTestExecutorService.invokeAll(SameThreadHierarchicalTestExecutorService.java:41)
	at org.junit.platform.engine.support.hierarchical.NodeTestTask.lambda$executeRecursively$6(NodeTestTask.java:155)
	at org.junit.platform.engine.support.hierarchical.ThrowableCollector.execute(ThrowableCollector.java:73)
	at org.junit.platform.engine.support.hierarchical.NodeTestTask.lambda$executeRecursively$8(NodeTestTask.java:141)
	at org.junit.platform.engine.support.hierarchical.Node.around(Node.java:137)
	at org.junit.platform.engine.support.hierarchical.NodeTestTask.lambda$executeRecursively$9(NodeTestTask.java:139)
	at org.junit.platform.engine.support.hierarchical.ThrowableCollector.execute(ThrowableCollector.java:73)
	at org.junit.platform.engine.support.hierarchical.NodeTestTask.executeRecursively(NodeTestTask.java:138)
	at org.junit.platform.engine.support.hierarchical.NodeTestTask.execute(NodeTestTask.java:95)
	at java.base/java.util.ArrayList.forEach(ArrayList.java:1511)
	at org.junit.platform.engine.support.hierarchical.SameThreadHierarchicalTestExecutorService.invokeAll(SameThreadHierarchicalTestExecutorService.java:41)
	at org.junit.platform.engine.support.hierarchical.NodeTestTask.lambda$executeRecursively$6(NodeTestTask.java:155)
	at org.junit.platform.engine.support.hierarchical.ThrowableCollector.execute(ThrowableCollector.java:73)
	at org.junit.platform.engine.support.hierarchical.NodeTestTask.lambda$executeRecursively$8(NodeTestTask.java:141)
	at org.junit.platform.engine.support.hierarchical.Node.around(Node.java:137)
	at org.junit.platform.engine.support.hierarchical.NodeTestTask.lambda$executeRecursively$9(NodeTestTask.java:139)
	at org.junit.platform.engine.support.hierarchical.ThrowableCollector.execute(ThrowableCollector.java:73)
	at org.junit.platform.engine.support.hierarchical.NodeTestTask.executeRecursively(NodeTestTask.java:138)
	at org.junit.platform.engine.support.hierarchical.NodeTestTask.execute(NodeTestTask.java:95)
	at org.junit.platform.engine.support.hierarchical.SameThreadHierarchicalTestExecutorService.submit(SameThreadHierarchicalTestExecutorService.java:35)
	at org.junit.platform.engine.support.hierarchical.HierarchicalTestExecutor.execute(HierarchicalTestExecutor.java:57)
	at org.junit.platform.engine.support.hierarchical.HierarchicalTestEngine.execute(HierarchicalTestEngine.java:54)
	at org.junit.platform.launcher.core.EngineExecutionOrchestrator.execute(EngineExecutionOrchestrator.java:107)
	at org.junit.platform.launcher.core.EngineExecutionOrchestrator.execute(EngineExecutionOrchestrator.java:88)
	at org.junit.platform.launcher.core.EngineExecutionOrchestrator.lambda$execute$0(EngineExecutionOrchestrator.java:54)
	at org.junit.platform.launcher.core.EngineExecutionOrchestrator.withInterceptedStreams(EngineExecutionOrchestrator.java:67)
	at org.junit.platform.launcher.core.EngineExecutionOrchestrator.execute(EngineExecutionOrchestrator.java:52)
	at org.junit.platform.launcher.core.DefaultLauncher.execute(DefaultLauncher.java:114)
	at org.junit.platform.launcher.core.DefaultLauncher.execute(DefaultLauncher.java:86)
	at org.junit.platform.launcher.core.DefaultLauncherSession$DelegatingLauncher.execute(DefaultLauncherSession.java:86)
	at org.apache.maven.surefire.junitplatform.LazyLauncher.execute(LazyLauncher.java:56)
	at org.apache.maven.surefire.junitplatform.JUnitPlatformProvider.execute(JUnitPlatformProvider.java:184)
	at org.apache.maven.surefire.junitplatform.JUnitPlatformProvider.invokeAllTests(JUnitPlatformProvider.java:148)
	at org.apache.maven.surefire.junitplatform.JUnitPlatformProvider.invoke(JUnitPlatformProvider.java:122)
	at org.apache.maven.surefire.booter.ForkedBooter.runSuitesInProcess(ForkedBooter.java:385)
	at org.apache.maven.surefire.booter.ForkedBooter.execute(ForkedBooter.java:162)
	at org.apache.maven.surefire.booter.ForkedBooter.run(ForkedBooter.java:507)
	at org.apache.maven.surefire.booter.ForkedBooter.main(ForkedBooter.java:495)
]]></failure>
    <system-out><![CDATA[
UPDATE SUMMARY
Run:                          0
Previously run:              23
Filtered out:                 0
-------------------------------
Total change sets:           23

Liquibase: Update has been successful. Rows affected: 0
Миграции успешно выполнены!
[Player{firstName='Matt', lastName='Miagkov', email='kid@kidmail.ru'}, Player{firstName='Denis', lastName='Miagkov', email='tomich-84@mail.ru'}, Player{firstName='Nestor', lastName='Sidorov', email='nsidorov@mail.ru'}]
]]></system-out>
    <system-err><![CDATA[Oct 21, 2023 11:42:31 AM liquibase.database
INFO: Set default schema name to public
Oct 21, 2023 11:42:31 AM liquibase.changelog
INFO: Reading from migration.databasechangelog
Oct 21, 2023 11:42:31 AM liquibase.lockservice
INFO: Successfully acquired change log lock
Oct 21, 2023 11:42:31 AM liquibase.command
INFO: Using deploymentId: 7877751627
Oct 21, 2023 11:42:31 AM liquibase.changelog
INFO: Reading from migration.databasechangelog
Oct 21, 2023 11:42:31 AM liquibase.util
INFO: UPDATE SUMMARY
Oct 21, 2023 11:42:31 AM liquibase.util
INFO: Run:                          0
Oct 21, 2023 11:42:31 AM liquibase.util
INFO: Previously run:              23
Oct 21, 2023 11:42:31 AM liquibase.util
INFO: Filtered out:                 0
Oct 21, 2023 11:42:31 AM liquibase.util
INFO: -------------------------------
Oct 21, 2023 11:42:31 AM liquibase.util
INFO: Total change sets:           23
Oct 21, 2023 11:42:31 AM liquibase.util
INFO: Update summary generated
Oct 21, 2023 11:42:31 AM liquibase.command
INFO: Update command completed successfully.
Oct 21, 2023 11:42:31 AM liquibase.lockservice
INFO: Successfully released change log lock
Oct 21, 2023 11:42:31 AM liquibase.command
INFO: Command execution complete
]]></system-err>
  </testcase>
  <testcase name="savePlayer" classname="com.denismiagkov.walletservice.repository.PlayerDAOImplTest" time="0.169">
    <failure message="expected: &lt;2&gt; but was: &lt;3&gt;" type="org.opentest4j.AssertionFailedError"><![CDATA[org.opentest4j.AssertionFailedError: expected: <2> but was: <3>
	at org.junit.jupiter.api.AssertionUtils.fail(AssertionUtils.java:55)
	at org.junit.jupiter.api.AssertionUtils.failNotEqual(AssertionUtils.java:62)
	at org.junit.jupiter.api.AssertEquals.assertEquals(AssertEquals.java:150)
	at org.junit.jupiter.api.AssertEquals.assertEquals(AssertEquals.java:145)
	at org.junit.jupiter.api.Assertions.assertEquals(Assertions.java:527)
	at com.denismiagkov.walletservice.repository.PlayerDAOImplTest.savePlayer(PlayerDAOImplTest.java:63)
	at java.base/jdk.internal.reflect.NativeMethodAccessorImpl.invoke0(Native Method)
	at java.base/jdk.internal.reflect.NativeMethodAccessorImpl.invoke(NativeMethodAccessorImpl.java:77)
	at java.base/jdk.internal.reflect.DelegatingMethodAccessorImpl.invoke(DelegatingMethodAccessorImpl.java:43)
	at java.base/java.lang.reflect.Method.invoke(Method.java:568)
	at org.junit.platform.commons.util.ReflectionUtils.invokeMethod(ReflectionUtils.java:725)
	at org.junit.jupiter.engine.execution.MethodInvocation.proceed(MethodInvocation.java:60)
	at org.junit.jupiter.engine.execution.InvocationInterceptorChain$ValidatingInvocation.proceed(InvocationInterceptorChain.java:131)
	at org.junit.jupiter.engine.extension.TimeoutExtension.intercept(TimeoutExtension.java:149)
	at org.junit.jupiter.engine.extension.TimeoutExtension.interceptTestableMethod(TimeoutExtension.java:140)
	at org.junit.jupiter.engine.extension.TimeoutExtension.interceptTestMethod(TimeoutExtension.java:84)
	at org.junit.jupiter.engine.execution.ExecutableInvoker$ReflectiveInterceptorCall.lambda$ofVoidMethod$0(ExecutableInvoker.java:115)
	at org.junit.jupiter.engine.execution.ExecutableInvoker.lambda$invoke$0(ExecutableInvoker.java:105)
	at org.junit.jupiter.engine.execution.InvocationInterceptorChain$InterceptedInvocation.proceed(InvocationInterceptorChain.java:106)
	at org.junit.jupiter.engine.execution.InvocationInterceptorChain.proceed(InvocationInterceptorChain.java:64)
	at org.junit.jupiter.engine.execution.InvocationInterceptorChain.chainAndInvoke(InvocationInterceptorChain.java:45)
	at org.junit.jupiter.engine.execution.InvocationInterceptorChain.invoke(InvocationInterceptorChain.java:37)
	at org.junit.jupiter.engine.execution.ExecutableInvoker.invoke(ExecutableInvoker.java:104)
	at org.junit.jupiter.engine.execution.ExecutableInvoker.invoke(ExecutableInvoker.java:98)
	at org.junit.jupiter.engine.descriptor.TestMethodTestDescriptor.lambda$invokeTestMethod$7(TestMethodTestDescriptor.java:214)
	at org.junit.platform.engine.support.hierarchical.ThrowableCollector.execute(ThrowableCollector.java:73)
	at org.junit.jupiter.engine.descriptor.TestMethodTestDescriptor.invokeTestMethod(TestMethodTestDescriptor.java:210)
	at org.junit.jupiter.engine.descriptor.TestMethodTestDescriptor.execute(TestMethodTestDescriptor.java:135)
	at org.junit.jupiter.engine.descriptor.TestMethodTestDescriptor.execute(TestMethodTestDescriptor.java:66)
	at org.junit.platform.engine.support.hierarchical.NodeTestTask.lambda$executeRecursively$6(NodeTestTask.java:151)
	at org.junit.platform.engine.support.hierarchical.ThrowableCollector.execute(ThrowableCollector.java:73)
	at org.junit.platform.engine.support.hierarchical.NodeTestTask.lambda$executeRecursively$8(NodeTestTask.java:141)
	at org.junit.platform.engine.support.hierarchical.Node.around(Node.java:137)
	at org.junit.platform.engine.support.hierarchical.NodeTestTask.lambda$executeRecursively$9(NodeTestTask.java:139)
	at org.junit.platform.engine.support.hierarchical.ThrowableCollector.execute(ThrowableCollector.java:73)
	at org.junit.platform.engine.support.hierarchical.NodeTestTask.executeRecursively(NodeTestTask.java:138)
	at org.junit.platform.engine.support.hierarchical.NodeTestTask.execute(NodeTestTask.java:95)
	at java.base/java.util.ArrayList.forEach(ArrayList.java:1511)
	at org.junit.platform.engine.support.hierarchical.SameThreadHierarchicalTestExecutorService.invokeAll(SameThreadHierarchicalTestExecutorService.java:41)
	at org.junit.platform.engine.support.hierarchical.NodeTestTask.lambda$executeRecursively$6(NodeTestTask.java:155)
	at org.junit.platform.engine.support.hierarchical.ThrowableCollector.execute(ThrowableCollector.java:73)
	at org.junit.platform.engine.support.hierarchical.NodeTestTask.lambda$executeRecursively$8(NodeTestTask.java:141)
	at org.junit.platform.engine.support.hierarchical.Node.around(Node.java:137)
	at org.junit.platform.engine.support.hierarchical.NodeTestTask.lambda$executeRecursively$9(NodeTestTask.java:139)
	at org.junit.platform.engine.support.hierarchical.ThrowableCollector.execute(ThrowableCollector.java:73)
	at org.junit.platform.engine.support.hierarchical.NodeTestTask.executeRecursively(NodeTestTask.java:138)
	at org.junit.platform.engine.support.hierarchical.NodeTestTask.execute(NodeTestTask.java:95)
	at java.base/java.util.ArrayList.forEach(ArrayList.java:1511)
	at org.junit.platform.engine.support.hierarchical.SameThreadHierarchicalTestExecutorService.invokeAll(SameThreadHierarchicalTestExecutorService.java:41)
	at org.junit.platform.engine.support.hierarchical.NodeTestTask.lambda$executeRecursively$6(NodeTestTask.java:155)
	at org.junit.platform.engine.support.hierarchical.ThrowableCollector.execute(ThrowableCollector.java:73)
	at org.junit.platform.engine.support.hierarchical.NodeTestTask.lambda$executeRecursively$8(NodeTestTask.java:141)
	at org.junit.platform.engine.support.hierarchical.Node.around(Node.java:137)
	at org.junit.platform.engine.support.hierarchical.NodeTestTask.lambda$executeRecursively$9(NodeTestTask.java:139)
	at org.junit.platform.engine.support.hierarchical.ThrowableCollector.execute(ThrowableCollector.java:73)
	at org.junit.platform.engine.support.hierarchical.NodeTestTask.executeRecursively(NodeTestTask.java:138)
	at org.junit.platform.engine.support.hierarchical.NodeTestTask.execute(NodeTestTask.java:95)
	at org.junit.platform.engine.support.hierarchical.SameThreadHierarchicalTestExecutorService.submit(SameThreadHierarchicalTestExecutorService.java:35)
	at org.junit.platform.engine.support.hierarchical.HierarchicalTestExecutor.execute(HierarchicalTestExecutor.java:57)
	at org.junit.platform.engine.support.hierarchical.HierarchicalTestEngine.execute(HierarchicalTestEngine.java:54)
	at org.junit.platform.launcher.core.EngineExecutionOrchestrator.execute(EngineExecutionOrchestrator.java:107)
	at org.junit.platform.launcher.core.EngineExecutionOrchestrator.execute(EngineExecutionOrchestrator.java:88)
	at org.junit.platform.launcher.core.EngineExecutionOrchestrator.lambda$execute$0(EngineExecutionOrchestrator.java:54)
	at org.junit.platform.launcher.core.EngineExecutionOrchestrator.withInterceptedStreams(EngineExecutionOrchestrator.java:67)
	at org.junit.platform.launcher.core.EngineExecutionOrchestrator.execute(EngineExecutionOrchestrator.java:52)
	at org.junit.platform.launcher.core.DefaultLauncher.execute(DefaultLauncher.java:114)
	at org.junit.platform.launcher.core.DefaultLauncher.execute(DefaultLauncher.java:86)
	at org.junit.platform.launcher.core.DefaultLauncherSession$DelegatingLauncher.execute(DefaultLauncherSession.java:86)
	at org.apache.maven.surefire.junitplatform.LazyLauncher.execute(LazyLauncher.java:56)
	at org.apache.maven.surefire.junitplatform.JUnitPlatformProvider.execute(JUnitPlatformProvider.java:184)
	at org.apache.maven.surefire.junitplatform.JUnitPlatformProvider.invokeAllTests(JUnitPlatformProvider.java:148)
	at org.apache.maven.surefire.junitplatform.JUnitPlatformProvider.invoke(JUnitPlatformProvider.java:122)
	at org.apache.maven.surefire.booter.ForkedBooter.runSuitesInProcess(ForkedBooter.java:385)
	at org.apache.maven.surefire.booter.ForkedBooter.execute(ForkedBooter.java:162)
	at org.apache.maven.surefire.booter.ForkedBooter.run(ForkedBooter.java:507)
	at org.apache.maven.surefire.booter.ForkedBooter.main(ForkedBooter.java:495)
]]></failure>
    <system-out><![CDATA[
UPDATE SUMMARY
Run:                          0
Previously run:              23
Filtered out:                 0
-------------------------------
Total change sets:           23

Liquibase: Update has been successful. Rows affected: 0
Миграции успешно выполнены!
]]></system-out>
    <system-err><![CDATA[Oct 21, 2023 11:42:31 AM liquibase.database
INFO: Set default schema name to public
Oct 21, 2023 11:42:31 AM liquibase.changelog
INFO: Reading from migration.databasechangelog
Oct 21, 2023 11:42:31 AM liquibase.lockservice
INFO: Successfully acquired change log lock
Oct 21, 2023 11:42:31 AM liquibase.command
INFO: Using deploymentId: 7877751802
Oct 21, 2023 11:42:31 AM liquibase.changelog
INFO: Reading from migration.databasechangelog
Oct 21, 2023 11:42:31 AM liquibase.util
INFO: UPDATE SUMMARY
Oct 21, 2023 11:42:31 AM liquibase.util
INFO: Run:                          0
Oct 21, 2023 11:42:31 AM liquibase.util
INFO: Previously run:              23
Oct 21, 2023 11:42:31 AM liquibase.util
INFO: Filtered out:                 0
Oct 21, 2023 11:42:31 AM liquibase.util
INFO: -------------------------------
Oct 21, 2023 11:42:31 AM liquibase.util
INFO: Total change sets:           23
Oct 21, 2023 11:42:31 AM liquibase.util
INFO: Update summary generated
Oct 21, 2023 11:42:31 AM liquibase.command
INFO: Update command completed successfully.
Oct 21, 2023 11:42:31 AM liquibase.lockservice
INFO: Successfully released change log lock
Oct 21, 2023 11:42:31 AM liquibase.command
INFO: Command execution complete
]]></system-err>
  </testcase>
</testsuite>