<?xml version="1.0" encoding="UTF-8"?>
<testsuite xmlns:xsi="http://www.w3.org/2001/XMLSchema-instance" xsi:noNamespaceSchemaLocation="https://maven.apache.org/surefire/maven-surefire-plugin/xsd/surefire-test-report-3.0.xsd" version="3.0" name="com.denismiagkov.walletservice.application.service.serviciImpl.EntryTest" time="0.004" tests="3" errors="0" skipped="0" failures="0">
  <properties>
[...]
</properties>
  <testcase name="testEquals_true" classname="com.denismiagkov.walletservice.application.service.serviciImpl.EntryTest" time="0.0"/>
  <testcase name="testEquals_false" classname="com.denismiagkov.walletservice.application.service.serviciImpl.EntryTest" time="0.001"/>
  <testcase name="testHashCode" classname="com.denismiagkov.walletservice.application.service.serviciImpl.EntryTest" time="0.001"/>
</testsuite>